[2m2022-11-03T16:21:14.087627Z[0m [31mERROR[0m [2mfig_cli::daemon[0m[2m:[0m [2m163:[0m Error while connecting to websocket: missing field `expiration_time` at line 3 column 1
[2m2022-11-03T16:21:14.260732Z[0m [31mERROR[0m [2mfig_cli::daemon[0m[2m:[0m [2m163:[0m Error while connecting to websocket: missing field `expiration_time` at line 3 column 1
[2m2022-11-03T16:21:14.740087Z[0m [31mERROR[0m [2mfig_cli::daemon[0m[2m:[0m [2m163:[0m Error while connecting to websocket: missing field `expiration_time` at line 3 column 1
[2m2022-11-03T16:21:15.477164Z[0m [31mERROR[0m [2mfig_cli::daemon[0m[2m:[0m [2m163:[0m Error while connecting to websocket: missing field `expiration_time` at line 3 column 1
[2m2022-11-03T16:21:17.003269Z[0m [31mERROR[0m [2mfig_cli::daemon[0m[2m:[0m [2m163:[0m Error while connecting to websocket: missing field `expiration_time` at line 3 column 1
[2m2022-11-03T16:21:19.637512Z[0m [31mERROR[0m [2mfig_cli::daemon[0m[2m:[0m [2m163:[0m Error while connecting to websocket: missing field `expiration_time` at line 3 column 1
[2m2022-11-03T16:21:26.103986Z[0m [31mERROR[0m [2mfig_cli::daemon[0m[2m:[0m [2m163:[0m Error while connecting to websocket: missing field `expiration_time` at line 3 column 1
[2m2022-11-03T16:21:39.586841Z[0m [31mERROR[0m [2mfig_cli::daemon[0m[2m:[0m [2m163:[0m Error while connecting to websocket: missing field `expiration_time` at line 3 column 1
[2m2022-11-03T16:55:26.198672Z[0m [31mERROR[0m [2mfig_cli::daemon[0m[2m:[0m [2m145:[0m Error while processing websocket message: Websocket close frame: CloseFrame { code: Restart, reason: "restarting" }
[2m2022-11-03T16:58:48.576228Z[0m [31mERROR[0m [2mfig_cli::daemon[0m[2m:[0m [2m145:[0m Error while processing websocket message: Websocket close frame: CloseFrame { code: Restart, reason: "restarting" }
[2m2022-11-03T16:58:48.841127Z[0m [31mERROR[0m [2mfig_cli::daemon[0m[2m:[0m [2m163:[0m Error while connecting to websocket: error sending request for url (https://api.fig.io/authenticate/ticket?os=macos&arch=aarch64&cliVersion=2.7.2&manifestVersion=2.7.2&deviceId=75e138b5211e95c65b4bb8c6a3b0d07d1b0fa306bbf5908c51558914548b7ad2%3Ascott%40scottzirkel.com): error trying to connect: Connection reset by peer (os error 54)
[2m2022-11-03T16:58:49.271776Z[0m [31mERROR[0m [2mfig_cli::daemon[0m[2m:[0m [2m163:[0m Error while connecting to websocket: error sending request for url (https://api.fig.io/authenticate/ticket?os=macos&arch=aarch64&cliVersion=2.7.2&manifestVersion=2.7.2&deviceId=75e138b5211e95c65b4bb8c6a3b0d07d1b0fa306bbf5908c51558914548b7ad2%3Ascott%40scottzirkel.com): error trying to connect: Connection reset by peer (os error 54)
[2m2022-11-03T16:58:49.961935Z[0m [31mERROR[0m [2mfig_cli::daemon[0m[2m:[0m [2m163:[0m Error while connecting to websocket: error sending request for url (https://api.fig.io/authenticate/ticket?os=macos&arch=aarch64&cliVersion=2.7.2&manifestVersion=2.7.2&deviceId=75e138b5211e95c65b4bb8c6a3b0d07d1b0fa306bbf5908c51558914548b7ad2%3Ascott%40scottzirkel.com): error trying to connect: tls handshake eof
[2m2022-11-03T16:58:51.865154Z[0m [31mERROR[0m [2mfig_cli::daemon[0m[2m:[0m [2m163:[0m Error while connecting to websocket: error sending request for url (https://api.fig.io/authenticate/ticket?os=macos&arch=aarch64&cliVersion=2.7.2&manifestVersion=2.7.2&deviceId=75e138b5211e95c65b4bb8c6a3b0d07d1b0fa306bbf5908c51558914548b7ad2%3Ascott%40scottzirkel.com): error trying to connect: Connection reset by peer (os error 54)
[2m2022-11-04T01:11:51.528799Z[0m [31mERROR[0m [2mfig_cli::daemon::websocket[0m[2m:[0m [2m283:[0m Websock next error: Io(Os { code: 54, kind: ConnectionReset, message: "Connection reset by peer" })
[2m2022-11-04T01:11:51.528896Z[0m [31mERROR[0m [2mfig_cli::daemon[0m[2m:[0m [2m145:[0m Error while processing websocket message: Websock next error: Io(Os { code: 54, kind: ConnectionReset, message: "Connection reset by peer" })
[2m2022-11-04T02:28:28.430984Z[0m [31mERROR[0m [2mfig_cli::daemon::websocket[0m[2m:[0m [2m283:[0m Websock next error: Io(Os { code: 54, kind: ConnectionReset, message: "Connection reset by peer" })
[2m2022-11-04T02:28:28.431366Z[0m [31mERROR[0m [2mfig_cli::daemon[0m[2m:[0m [2m145:[0m Error while processing websocket message: Websock next error: Io(Os { code: 54, kind: ConnectionReset, message: "Connection reset by peer" })
[2m2022-11-04T03:14:53.584090Z[0m [31mERROR[0m [2mfig_cli::daemon::websocket[0m[2m:[0m [2m283:[0m Websock next error: Io(Kind(UnexpectedEof))
[2m2022-11-04T03:14:53.584142Z[0m [31mERROR[0m [2mfig_cli::daemon[0m[2m:[0m [2m145:[0m Error while processing websocket message: Websock next error: Io(Kind(UnexpectedEof))
[2m2022-11-08T18:06:08.518425Z[0m [31mERROR[0m [2mfig_cli::daemon[0m[2m:[0m [2m145:[0m Error while processing websocket message: Websocket close frame: CloseFrame { code: Restart, reason: "restarting" }
[2m2022-11-08T20:41:13.919441Z[0m [31mERROR[0m [2mfig_cli::daemon[0m[2m:[0m [2m145:[0m Error while processing websocket message: Websocket close frame: CloseFrame { code: Restart, reason: "restarting" }
[2m2022-11-08T20:41:14.424848Z[0m [31mERROR[0m [2mfig_cli::daemon[0m[2m:[0m [2m163:[0m Error while connecting to websocket: error sending request for url (https://api.fig.io/authenticate/ticket?os=macos&arch=aarch64&cliVersion=2.7.5&manifestVersion=2.7.5&deviceId=75e138b5211e95c65b4bb8c6a3b0d07d1b0fa306bbf5908c51558914548b7ad2%3Ascott%40scottzirkel.com): error trying to connect: Connection reset by peer (os error 54)
[2m2022-11-08T20:41:15.054101Z[0m [31mERROR[0m [2mfig_cli::daemon[0m[2m:[0m [2m163:[0m Error while connecting to websocket: error sending request for url (https://api.fig.io/authenticate/ticket?os=macos&arch=aarch64&cliVersion=2.7.5&manifestVersion=2.7.5&deviceId=75e138b5211e95c65b4bb8c6a3b0d07d1b0fa306bbf5908c51558914548b7ad2%3Ascott%40scottzirkel.com): error trying to connect: Connection reset by peer (os error 54)
[2m2022-11-08T20:41:16.183885Z[0m [31mERROR[0m [2mfig_cli::daemon[0m[2m:[0m [2m163:[0m Error while connecting to websocket: error sending request for url (https://api.fig.io/authenticate/ticket?os=macos&arch=aarch64&cliVersion=2.7.5&manifestVersion=2.7.5&deviceId=75e138b5211e95c65b4bb8c6a3b0d07d1b0fa306bbf5908c51558914548b7ad2%3Ascott%40scottzirkel.com): error trying to connect: Connection reset by peer (os error 54)
[2m2022-11-08T20:41:17.435095Z[0m [31mERROR[0m [2mfig_cli::daemon[0m[2m:[0m [2m163:[0m Error while connecting to websocket: error sending request for url (https://api.fig.io/authenticate/ticket?os=macos&arch=aarch64&cliVersion=2.7.5&manifestVersion=2.7.5&deviceId=75e138b5211e95c65b4bb8c6a3b0d07d1b0fa306bbf5908c51558914548b7ad2%3Ascott%40scottzirkel.com): error trying to connect: Connection reset by peer (os error 54)
[2m2022-11-08T20:43:14.864426Z[0m [31mERROR[0m [2mfig_cli::daemon[0m[2m:[0m [2m145:[0m Error while processing websocket message: Websocket close frame: CloseFrame { code: Restart, reason: "restarting" }
[2m2022-11-08T20:43:15.488115Z[0m [31mERROR[0m [2mfig_cli::daemon[0m[2m:[0m [2m163:[0m Error while connecting to websocket: error sending request for url (https://api.fig.io/authenticate/ticket?os=macos&arch=aarch64&cliVersion=2.7.5&manifestVersion=2.7.5&deviceId=75e138b5211e95c65b4bb8c6a3b0d07d1b0fa306bbf5908c51558914548b7ad2%3Ascott%40scottzirkel.com): error trying to connect: Connection reset by peer (os error 54)
[2m2022-11-08T20:43:16.155607Z[0m [31mERROR[0m [2mfig_cli::daemon[0m[2m:[0m [2m163:[0m Error while connecting to websocket: Failed to connect to websocket
[2m2022-11-08T20:43:17.066067Z[0m [31mERROR[0m [2mfig_cli::daemon[0m[2m:[0m [2m163:[0m Error while connecting to websocket: error sending request for url (https://api.fig.io/authenticate/ticket?os=macos&arch=aarch64&cliVersion=2.7.5&manifestVersion=2.7.5&deviceId=75e138b5211e95c65b4bb8c6a3b0d07d1b0fa306bbf5908c51558914548b7ad2%3Ascott%40scottzirkel.com): error trying to connect: tls handshake eof
[2m2022-11-08T20:43:18.845683Z[0m [31mERROR[0m [2mfig_cli::daemon[0m[2m:[0m [2m163:[0m Error while connecting to websocket: error sending request for url (https://api.fig.io/authenticate/ticket?os=macos&arch=aarch64&cliVersion=2.7.5&manifestVersion=2.7.5&deviceId=75e138b5211e95c65b4bb8c6a3b0d07d1b0fa306bbf5908c51558914548b7ad2%3Ascott%40scottzirkel.com): error trying to connect: Connection reset by peer (os error 54)
[2m2022-11-08T20:46:50.156445Z[0m [31mERROR[0m [2mfig_cli::daemon[0m[2m:[0m [2m145:[0m Error while processing websocket message: Websocket close frame: CloseFrame { code: Restart, reason: "restarting" }
[2m2022-11-08T20:46:50.671416Z[0m [31mERROR[0m [2mfig_cli::daemon[0m[2m:[0m [2m163:[0m Error while connecting to websocket: error sending request for url (https://api.fig.io/authenticate/ticket?os=macos&arch=aarch64&cliVersion=2.7.5&manifestVersion=2.7.5&deviceId=75e138b5211e95c65b4bb8c6a3b0d07d1b0fa306bbf5908c51558914548b7ad2%3Ascott%40scottzirkel.com): error trying to connect: Connection reset by peer (os error 54)
[2m2022-11-08T20:46:51.221159Z[0m [31mERROR[0m [2mfig_cli::daemon[0m[2m:[0m [2m163:[0m Error while connecting to websocket: error sending request for url (https://api.fig.io/authenticate/ticket?os=macos&arch=aarch64&cliVersion=2.7.5&manifestVersion=2.7.5&deviceId=75e138b5211e95c65b4bb8c6a3b0d07d1b0fa306bbf5908c51558914548b7ad2%3Ascott%40scottzirkel.com): error trying to connect: tls handshake eof
[2m2022-11-08T20:46:52.090908Z[0m [31mERROR[0m [2mfig_cli::daemon[0m[2m:[0m [2m163:[0m Error while connecting to websocket: error sending request for url (https://api.fig.io/authenticate/ticket?os=macos&arch=aarch64&cliVersion=2.7.5&manifestVersion=2.7.5&deviceId=75e138b5211e95c65b4bb8c6a3b0d07d1b0fa306bbf5908c51558914548b7ad2%3Ascott%40scottzirkel.com): error trying to connect: Connection reset by peer (os error 54)
[2m2022-11-09T15:10:47.561559Z[0m [31mERROR[0m [2mfig_cli::daemon[0m[2m:[0m [2m145:[0m Error while processing websocket message: Websocket close frame: CloseFrame { code: Restart, reason: "restarting" }
[2m2022-11-09T15:10:47.935963Z[0m [31mERROR[0m [2mfig_cli::daemon[0m[2m:[0m [2m163:[0m Error while connecting to websocket: error sending request for url (https://api.fig.io/authenticate/ticket?os=macos&arch=aarch64&cliVersion=2.7.5&manifestVersion=2.7.5&deviceId=75e138b5211e95c65b4bb8c6a3b0d07d1b0fa306bbf5908c51558914548b7ad2%3Ascott%40scottzirkel.com): error trying to connect: Connection reset by peer (os error 54)
[2m2022-11-09T15:10:48.357309Z[0m [31mERROR[0m [2mfig_cli::daemon[0m[2m:[0m [2m163:[0m Error while connecting to websocket: error sending request for url (https://api.fig.io/authenticate/ticket?os=macos&arch=aarch64&cliVersion=2.7.5&manifestVersion=2.7.5&deviceId=75e138b5211e95c65b4bb8c6a3b0d07d1b0fa306bbf5908c51558914548b7ad2%3Ascott%40scottzirkel.com): error trying to connect: Connection reset by peer (os error 54)
[2m2022-11-09T15:10:49.034196Z[0m [31mERROR[0m [2mfig_cli::daemon[0m[2m:[0m [2m163:[0m Error while connecting to websocket: error sending request for url (https://api.fig.io/authenticate/ticket?os=macos&arch=aarch64&cliVersion=2.7.5&manifestVersion=2.7.5&deviceId=75e138b5211e95c65b4bb8c6a3b0d07d1b0fa306bbf5908c51558914548b7ad2%3Ascott%40scottzirkel.com): error trying to connect: Connection reset by peer (os error 54)
[2m2022-11-09T15:10:51.044115Z[0m [31mERROR[0m [2mfig_cli::daemon[0m[2m:[0m [2m163:[0m Error while connecting to websocket: error sending request for url (https://api.fig.io/authenticate/ticket?os=macos&arch=aarch64&cliVersion=2.7.5&manifestVersion=2.7.5&deviceId=75e138b5211e95c65b4bb8c6a3b0d07d1b0fa306bbf5908c51558914548b7ad2%3Ascott%40scottzirkel.com): error trying to connect: Connection reset by peer (os error 54)
[2m2022-11-09T15:11:35.982833Z[0m [31mERROR[0m [2mfig_cli::daemon[0m[2m:[0m [2m145:[0m Error while processing websocket message: Websocket close frame: CloseFrame { code: Restart, reason: "restarting" }
[2m2022-11-09T15:12:59.288642Z[0m [31mERROR[0m [2mfig_cli::daemon[0m[2m:[0m [2m145:[0m Error while processing websocket message: Websocket close frame: CloseFrame { code: Restart, reason: "restarting" }
[2m2022-11-09T15:16:29.783577Z[0m [31mERROR[0m [2mfig_cli::daemon[0m[2m:[0m [2m145:[0m Error while processing websocket message: Websocket close frame: CloseFrame { code: Restart, reason: "restarting" }
[2m2022-11-09T15:16:30.056625Z[0m [31mERROR[0m [2mfig_cli::daemon[0m[2m:[0m [2m163:[0m Error while connecting to websocket: error sending request for url (https://api.fig.io/authenticate/ticket?os=macos&arch=aarch64&cliVersion=2.7.5&manifestVersion=2.7.5&deviceId=75e138b5211e95c65b4bb8c6a3b0d07d1b0fa306bbf5908c51558914548b7ad2%3Ascott%40scottzirkel.com): error trying to connect: Connection reset by peer (os error 54)
[2m2022-11-09T16:21:29.576355Z[0m [31mERROR[0m [2mfig_cli::daemon[0m[2m:[0m [2m145:[0m Error while processing websocket message: Websocket close frame: CloseFrame { code: Restart, reason: "restarting" }
[2m2022-11-09T16:21:31.452437Z[0m [31mERROR[0m [2mfig_cli::daemon[0m[2m:[0m [2m163:[0m Error while connecting to websocket: error sending request for url (https://api.fig.io/authenticate/ticket?os=macos&arch=aarch64&cliVersion=2.7.5&manifestVersion=2.7.5&deviceId=75e138b5211e95c65b4bb8c6a3b0d07d1b0fa306bbf5908c51558914548b7ad2%3Ascott%40scottzirkel.com): error trying to connect: Connection reset by peer (os error 54)
[2m2022-11-09T16:23:14.014790Z[0m [31mERROR[0m [2mfig_cli::daemon[0m[2m:[0m [2m145:[0m Error while processing websocket message: Websocket close frame: CloseFrame { code: Restart, reason: "restarting" }
[2m2022-11-09T16:23:14.273815Z[0m [31mERROR[0m [2mfig_cli::daemon[0m[2m:[0m [2m163:[0m Error while connecting to websocket: error sending request for url (https://api.fig.io/authenticate/ticket?os=macos&arch=aarch64&cliVersion=2.7.5&manifestVersion=2.7.5&deviceId=75e138b5211e95c65b4bb8c6a3b0d07d1b0fa306bbf5908c51558914548b7ad2%3Ascott%40scottzirkel.com): error trying to connect: Connection reset by peer (os error 54)
[2m2022-11-09T16:23:14.863844Z[0m [31mERROR[0m [2mfig_cli::daemon[0m[2m:[0m [2m163:[0m Error while connecting to websocket: error sending request for url (https://api.fig.io/authenticate/ticket?os=macos&arch=aarch64&cliVersion=2.7.5&manifestVersion=2.7.5&deviceId=75e138b5211e95c65b4bb8c6a3b0d07d1b0fa306bbf5908c51558914548b7ad2%3Ascott%40scottzirkel.com): error trying to connect: Connection reset by peer (os error 54)
[2m2022-11-09T19:45:28.584001Z[0m [31mERROR[0m [2mfig_cli::daemon[0m[2m:[0m [2m145:[0m Error while processing websocket message: Websocket close frame: CloseFrame { code: Restart, reason: "restarting" }
[2m2022-11-09T19:45:28.997585Z[0m [31mERROR[0m [2mfig_cli::daemon[0m[2m:[0m [2m163:[0m Error while connecting to websocket: error sending request for url (https://api.fig.io/authenticate/ticket?os=macos&arch=aarch64&cliVersion=2.7.5&manifestVersion=2.7.5&deviceId=75e138b5211e95c65b4bb8c6a3b0d07d1b0fa306bbf5908c51558914548b7ad2%3Ascott%40scottzirkel.com): error trying to connect: Connection reset by peer (os error 54)
[2m2022-11-09T19:45:29.567417Z[0m [31mERROR[0m [2mfig_cli::daemon[0m[2m:[0m [2m163:[0m Error while connecting to websocket: error sending request for url (https://api.fig.io/authenticate/ticket?os=macos&arch=aarch64&cliVersion=2.7.5&manifestVersion=2.7.5&deviceId=75e138b5211e95c65b4bb8c6a3b0d07d1b0fa306bbf5908c51558914548b7ad2%3Ascott%40scottzirkel.com): error trying to connect: tls handshake eof
[2m2022-11-09T19:45:30.497548Z[0m [31mERROR[0m [2mfig_cli::daemon[0m[2m:[0m [2m163:[0m Error while connecting to websocket: error sending request for url (https://api.fig.io/authenticate/ticket?os=macos&arch=aarch64&cliVersion=2.7.5&manifestVersion=2.7.5&deviceId=75e138b5211e95c65b4bb8c6a3b0d07d1b0fa306bbf5908c51558914548b7ad2%3Ascott%40scottzirkel.com): error trying to connect: Connection reset by peer (os error 54)
[2m2022-11-09T19:46:16.602603Z[0m [31mERROR[0m [2mfig_cli::daemon[0m[2m:[0m [2m145:[0m Error while processing websocket message: Websocket close frame: CloseFrame { code: Restart, reason: "restarting" }
[2m2022-11-09T21:20:06.196134Z[0m [31mERROR[0m [2mfig_cli::daemon[0m[2m:[0m [2m145:[0m Error while processing websocket message: Websocket close frame: CloseFrame { code: Restart, reason: "restarting" }
[2m2022-11-09T21:20:44.356749Z[0m [31mERROR[0m [2mfig_cli::daemon[0m[2m:[0m [2m145:[0m Error while processing websocket message: Websocket close frame: CloseFrame { code: Restart, reason: "restarting" }
[2m2022-11-09T21:25:38.706191Z[0m [31mERROR[0m [2mfig_cli::daemon[0m[2m:[0m [2m145:[0m Error while processing websocket message: Websocket close frame: CloseFrame { code: Restart, reason: "restarting" }
[2m2022-11-09T21:25:38.999978Z[0m [31mERROR[0m [2mfig_cli::daemon[0m[2m:[0m [2m163:[0m Error while connecting to websocket: error sending request for url (https://api.fig.io/authenticate/ticket?os=macos&arch=aarch64&cliVersion=2.7.5&manifestVersion=2.7.5&deviceId=75e138b5211e95c65b4bb8c6a3b0d07d1b0fa306bbf5908c51558914548b7ad2%3Ascott%40scottzirkel.com): error trying to connect: tls handshake eof
[2m2022-11-10T02:33:07.628348Z[0m [31mERROR[0m [2mfig_cli::daemon::websocket[0m[2m:[0m [2m281:[0m Websock next error: Io(Os { code: 54, kind: ConnectionReset, message: "Connection reset by peer" })
[2m2022-11-10T02:33:07.671498Z[0m [31mERROR[0m [2mfig_cli::daemon[0m[2m:[0m [2m145:[0m Error while processing websocket message: Websock next error: Io(Os { code: 54, kind: ConnectionReset, message: "Connection reset by peer" })
[2m2022-11-10T03:12:04.081226Z[0m [31mERROR[0m [2mfig_cli::daemon::websocket[0m[2m:[0m [2m281:[0m Websock next error: Io(Os { code: 54, kind: ConnectionReset, message: "Connection reset by peer" })
[2m2022-11-10T03:12:04.081273Z[0m [31mERROR[0m [2mfig_cli::daemon[0m[2m:[0m [2m145:[0m Error while processing websocket message: Websock next error: Io(Os { code: 54, kind: ConnectionReset, message: "Connection reset by peer" })
[2m2022-11-10T07:15:45.019632Z[0m [31mERROR[0m [2mfig_cli::daemon::websocket[0m[2m:[0m [2m281:[0m Websock next error: Io(Os { code: 54, kind: ConnectionReset, message: "Connection reset by peer" })
[2m2022-11-10T07:15:45.019702Z[0m [31mERROR[0m [2mfig_cli::daemon[0m[2m:[0m [2m145:[0m Error while processing websocket message: Websock next error: Io(Os { code: 54, kind: ConnectionReset, message: "Connection reset by peer" })
[2m2022-11-10T10:59:43.178918Z[0m [31mERROR[0m [2mfig_cli::daemon::websocket[0m[2m:[0m [2m281:[0m Websock next error: Io(Os { code: 54, kind: ConnectionReset, message: "Connection reset by peer" })
[2m2022-11-10T10:59:43.178971Z[0m [31mERROR[0m [2mfig_cli::daemon[0m[2m:[0m [2m145:[0m Error while processing websocket message: Websock next error: Io(Os { code: 54, kind: ConnectionReset, message: "Connection reset by peer" })
[2m2022-11-10T12:42:52.466511Z[0m [31mERROR[0m [2mfig_cli::daemon::websocket[0m[2m:[0m [2m281:[0m Websock next error: Io(Os { code: 54, kind: ConnectionReset, message: "Connection reset by peer" })
[2m2022-11-10T12:42:52.467931Z[0m [31mERROR[0m [2mfig_cli::daemon[0m[2m:[0m [2m145:[0m Error while processing websocket message: Websock next error: Io(Os { code: 54, kind: ConnectionReset, message: "Connection reset by peer" })
[2m2022-11-10T13:25:37.397484Z[0m [31mERROR[0m [2mfig_cli::daemon::websocket[0m[2m:[0m [2m281:[0m Websock next error: Io(Os { code: 54, kind: ConnectionReset, message: "Connection reset by peer" })
[2m2022-11-10T13:25:37.397673Z[0m [31mERROR[0m [2mfig_cli::daemon[0m[2m:[0m [2m145:[0m Error while processing websocket message: Websock next error: Io(Os { code: 54, kind: ConnectionReset, message: "Connection reset by peer" })
[2m2022-11-10T14:40:23.549580Z[0m [31mERROR[0m [2mfig_cli::daemon::websocket[0m[2m:[0m [2m281:[0m Websock next error: Io(Os { code: 54, kind: ConnectionReset, message: "Connection reset by peer" })
[2m2022-11-10T14:40:23.549647Z[0m [31mERROR[0m [2mfig_cli::daemon[0m[2m:[0m [2m145:[0m Error while processing websocket message: Websock next error: Io(Os { code: 54, kind: ConnectionReset, message: "Connection reset by peer" })
[2m2022-11-10T14:40:23.895471Z[0m [31mERROR[0m [2mfig_cli::daemon[0m[2m:[0m [2m163:[0m Error while connecting to websocket: error sending request for url (https://api.fig.io/authenticate/ticket?os=macos&arch=aarch64&cliVersion=2.7.5&manifestVersion=2.7.5&deviceId=75e138b5211e95c65b4bb8c6a3b0d07d1b0fa306bbf5908c51558914548b7ad2%3Ascott%40scottzirkel.com): connection error: Connection reset by peer (os error 54)
[2m2022-11-10T14:56:49.281334Z[0m [31mERROR[0m [2mfig_cli::daemon::websocket[0m[2m:[0m [2m281:[0m Websock next error: Io(Os { code: 54, kind: ConnectionReset, message: "Connection reset by peer" })
[2m2022-11-10T14:56:49.281385Z[0m [31mERROR[0m [2mfig_cli::daemon[0m[2m:[0m [2m145:[0m Error while processing websocket message: Websock next error: Io(Os { code: 54, kind: ConnectionReset, message: "Connection reset by peer" })
[2m2022-11-10T19:37:53.554135Z[0m [31mERROR[0m [2mfig_cli::daemon::websocket[0m[2m:[0m [2m281:[0m Websock next error: Protocol(ResetWithoutClosingHandshake)
[2m2022-11-10T19:37:53.554248Z[0m [31mERROR[0m [2mfig_cli::daemon[0m[2m:[0m [2m145:[0m Error while processing websocket message: Websock next error: Protocol(ResetWithoutClosingHandshake)
[2m2022-11-10T19:37:54.025632Z[0m [31mERROR[0m [2mfig_cli::daemon[0m[2m:[0m [2m163:[0m Error while connecting to websocket: error sending request for url (https://api.fig.io/auth/refresh): error trying to connect: tls handshake eof
[2m2022-11-10T19:37:54.523598Z[0m [31mERROR[0m [2mfig_cli::daemon[0m[2m:[0m [2m163:[0m Error while connecting to websocket: error sending request for url (https://api.fig.io/auth/refresh): error trying to connect: tls handshake eof
[2m2022-11-10T19:37:55.424463Z[0m [31mERROR[0m [2mfig_cli::daemon[0m[2m:[0m [2m163:[0m Error while connecting to websocket: error sending request for url (https://api.fig.io/auth/refresh): error trying to connect: tls handshake eof
[2m2022-11-10T19:37:57.064025Z[0m [31mERROR[0m [2mfig_cli::daemon[0m[2m:[0m [2m163:[0m Error while connecting to websocket: error sending request for url (https://api.fig.io/auth/refresh): error trying to connect: tls handshake eof
[2m2022-11-11T13:34:14.549069Z[0m [31mERROR[0m [2mfig_cli::daemon[0m[2m:[0m [2m140:[0m Error while processing websocket message: Websocket close frame: CloseFrame { code: Restart, reason: "restarting" }
[2m2022-11-11T13:34:15.226046Z[0m [31mERROR[0m [2mfig_cli::daemon[0m[2m:[0m [2m158:[0m Error while connecting to websocket: error sending request for url (https://api.fig.io/authenticate/ticket?os=macos&arch=aarch64&cliVersion=2.7.7&manifestVersion=2.7.7&deviceId=75e138b5211e95c65b4bb8c6a3b0d07d1b0fa306bbf5908c51558914548b7ad2%3Ascott%40scottzirkel.com): error trying to connect: Connection reset by peer (os error 54)
[2m2022-11-11T13:35:43.741499Z[0m [31mERROR[0m [2mfig_cli::daemon[0m[2m:[0m [2m140:[0m Error while processing websocket message: Websocket close frame: CloseFrame { code: Restart, reason: "restarting" }
[2m2022-11-11T13:37:40.694083Z[0m [31mERROR[0m [2mfig_cli::daemon[0m[2m:[0m [2m140:[0m Error while processing websocket message: Websocket close frame: CloseFrame { code: Restart, reason: "restarting" }
[2m2022-11-11T13:37:41.048329Z[0m [31mERROR[0m [2mfig_cli::daemon[0m[2m:[0m [2m158:[0m Error while connecting to websocket: error sending request for url (https://api.fig.io/authenticate/ticket?os=macos&arch=aarch64&cliVersion=2.7.7&manifestVersion=2.7.7&deviceId=75e138b5211e95c65b4bb8c6a3b0d07d1b0fa306bbf5908c51558914548b7ad2%3Ascott%40scottzirkel.com): error trying to connect: tls handshake eof
[2m2022-11-11T13:37:41.488319Z[0m [31mERROR[0m [2mfig_cli::daemon[0m[2m:[0m [2m158:[0m Error while connecting to websocket: error sending request for url (https://api.fig.io/authenticate/ticket?os=macos&arch=aarch64&cliVersion=2.7.7&manifestVersion=2.7.7&deviceId=75e138b5211e95c65b4bb8c6a3b0d07d1b0fa306bbf5908c51558914548b7ad2%3Ascott%40scottzirkel.com): error trying to connect: Connection reset by peer (os error 54)
[2m2022-11-13T16:18:22.147692Z[0m [31mERROR[0m [2mfig_cli::daemon[0m[2m:[0m [2m140:[0m Error while processing websocket message: Websocket close frame: CloseFrame { code: Restart, reason: "restarting" }
[2m2022-11-13T16:18:49.545883Z[0m [31mERROR[0m [2mfig_cli::daemon[0m[2m:[0m [2m140:[0m Error while processing websocket message: Websocket close frame: CloseFrame { code: Restart, reason: "restarting" }
[2m2022-11-13T16:20:13.880497Z[0m [31mERROR[0m [2mfig_cli::daemon[0m[2m:[0m [2m140:[0m Error while processing websocket message: Websocket close frame: CloseFrame { code: Restart, reason: "restarting" }
[2m2022-11-14T16:24:21.981400Z[0m [31mERROR[0m [2mfig_cli::daemon::websocket[0m[2m:[0m [2m281:[0m Websock next error: Protocol(ResetWithoutClosingHandshake)
[2m2022-11-14T16:24:21.981542Z[0m [31mERROR[0m [2mfig_cli::daemon[0m[2m:[0m [2m140:[0m Error while processing websocket message: Websock next error: Protocol(ResetWithoutClosingHandshake)
[2m2022-11-14T18:18:21.649664Z[0m [31mERROR[0m [2mfig_cli::daemon::websocket[0m[2m:[0m [2m281:[0m Websock next error: Protocol(ResetWithoutClosingHandshake)
[2m2022-11-14T18:18:21.649778Z[0m [31mERROR[0m [2mfig_cli::daemon[0m[2m:[0m [2m140:[0m Error while processing websocket message: Websock next error: Protocol(ResetWithoutClosingHandshake)
[2m2022-11-15T16:53:15.931614Z[0m [31mERROR[0m [2mfig_cli::daemon::websocket[0m[2m:[0m [2m281:[0m Websock next error: Protocol(ResetWithoutClosingHandshake)
[2m2022-11-15T16:53:15.932281Z[0m [31mERROR[0m [2mfig_cli::daemon[0m[2m:[0m [2m140:[0m Error while processing websocket message: Websock next error: Protocol(ResetWithoutClosingHandshake)
[2m2022-11-15T16:53:16.341516Z[0m [31mERROR[0m [2mfig_cli::daemon[0m[2m:[0m [2m158:[0m Error while connecting to websocket: error sending request for url (https://api.fig.io/authenticate/ticket?os=macos&arch=aarch64&cliVersion=2.7.9&manifestVersion=2.7.9&deviceId=75e138b5211e95c65b4bb8c6a3b0d07d1b0fa306bbf5908c51558914548b7ad2%3Ascott%40scottzirkel.com): error trying to connect: tls handshake eof
[2m2022-11-15T16:53:16.971390Z[0m [31mERROR[0m [2mfig_cli::daemon[0m[2m:[0m [2m158:[0m Error while connecting to websocket: error sending request for url (https://api.fig.io/authenticate/ticket?os=macos&arch=aarch64&cliVersion=2.7.9&manifestVersion=2.7.9&deviceId=75e138b5211e95c65b4bb8c6a3b0d07d1b0fa306bbf5908c51558914548b7ad2%3Ascott%40scottzirkel.com): error trying to connect: Connection reset by peer (os error 54)
[2m2022-11-15T16:53:17.990689Z[0m [31mERROR[0m [2mfig_cli::daemon[0m[2m:[0m [2m158:[0m Error while connecting to websocket: error sending request for url (https://api.fig.io/authenticate/ticket?os=macos&arch=aarch64&cliVersion=2.7.9&manifestVersion=2.7.9&deviceId=75e138b5211e95c65b4bb8c6a3b0d07d1b0fa306bbf5908c51558914548b7ad2%3Ascott%40scottzirkel.com): error trying to connect: Connection reset by peer (os error 54)
[2m2022-11-15T20:40:46.512103Z[0m [31mERROR[0m [2mfig_cli::daemon::websocket[0m[2m:[0m [2m281:[0m Websock next error: Protocol(ResetWithoutClosingHandshake)
[2m2022-11-15T20:40:46.512216Z[0m [31mERROR[0m [2mfig_cli::daemon[0m[2m:[0m [2m140:[0m Error while processing websocket message: Websock next error: Protocol(ResetWithoutClosingHandshake)
[2m2022-11-16T08:30:01.231401Z[0m [31mERROR[0m [2mfig_cli::daemon::websocket[0m[2m:[0m [2m281:[0m Websock next error: Io(Os { code: 54, kind: ConnectionReset, message: "Connection reset by peer" })
[2m2022-11-16T08:30:01.231718Z[0m [31mERROR[0m [2mfig_cli::daemon[0m[2m:[0m [2m140:[0m Error while processing websocket message: Websock next error: Io(Os { code: 54, kind: ConnectionReset, message: "Connection reset by peer" })
[2m2022-11-16T09:51:44.363866Z[0m [31mERROR[0m [2mfig_cli::daemon::websocket[0m[2m:[0m [2m281:[0m Websock next error: Io(Os { code: 54, kind: ConnectionReset, message: "Connection reset by peer" })
[2m2022-11-16T09:51:44.364007Z[0m [31mERROR[0m [2mfig_cli::daemon[0m[2m:[0m [2m140:[0m Error while processing websocket message: Websock next error: Io(Os { code: 54, kind: ConnectionReset, message: "Connection reset by peer" })
[2m2022-11-16T21:13:40.915804Z[0m [31mERROR[0m [2mfig_cli::daemon[0m[2m:[0m [2m140:[0m Error while processing websocket message: Websocket close frame: CloseFrame { code: Restart, reason: "restarting" }
[2m2022-11-16T21:13:41.839325Z[0m [31mERROR[0m [2mfig_cli::daemon[0m[2m:[0m [2m158:[0m Error while connecting to websocket: error sending request for url (https://api.fig.io/authenticate/ticket?os=macos&arch=aarch64&cliVersion=2.7.9&manifestVersion=2.7.9&deviceId=75e138b5211e95c65b4bb8c6a3b0d07d1b0fa306bbf5908c51558914548b7ad2%3Ascott%40scottzirkel.com): error trying to connect: Connection reset by peer (os error 54)
[2m2022-11-16T21:13:42.259718Z[0m [31mERROR[0m [2mfig_cli::daemon[0m[2m:[0m [2m158:[0m Error while connecting to websocket: error sending request for url (https://api.fig.io/authenticate/ticket?os=macos&arch=aarch64&cliVersion=2.7.9&manifestVersion=2.7.9&deviceId=75e138b5211e95c65b4bb8c6a3b0d07d1b0fa306bbf5908c51558914548b7ad2%3Ascott%40scottzirkel.com): error trying to connect: tls handshake eof
[2m2022-11-16T21:13:42.989684Z[0m [31mERROR[0m [2mfig_cli::daemon[0m[2m:[0m [2m158:[0m Error while connecting to websocket: error sending request for url (https://api.fig.io/authenticate/ticket?os=macos&arch=aarch64&cliVersion=2.7.9&manifestVersion=2.7.9&deviceId=75e138b5211e95c65b4bb8c6a3b0d07d1b0fa306bbf5908c51558914548b7ad2%3Ascott%40scottzirkel.com): error trying to connect: Connection reset by peer (os error 54)
[2m2022-11-16T21:13:45.770172Z[0m [31mERROR[0m [2mfig_cli::daemon[0m[2m:[0m [2m158:[0m Error while connecting to websocket: Failed to connect to websocket
[2m2022-11-16T21:15:04.717126Z[0m [31mERROR[0m [2mfig_cli::daemon[0m[2m:[0m [2m140:[0m Error while processing websocket message: Websocket close frame: CloseFrame { code: Restart, reason: "restarting" }
[2m2022-11-16T21:15:04.979325Z[0m [31mERROR[0m [2mfig_cli::daemon[0m[2m:[0m [2m158:[0m Error while connecting to websocket: error sending request for url (https://api.fig.io/authenticate/ticket?os=macos&arch=aarch64&cliVersion=2.7.9&manifestVersion=2.7.9&deviceId=75e138b5211e95c65b4bb8c6a3b0d07d1b0fa306bbf5908c51558914548b7ad2%3Ascott%40scottzirkel.com): error trying to connect: Connection reset by peer (os error 54)
[2m2022-11-16T21:15:05.361403Z[0m [31mERROR[0m [2mfig_cli::daemon[0m[2m:[0m [2m158:[0m Error while connecting to websocket: error sending request for url (https://api.fig.io/authenticate/ticket?os=macos&arch=aarch64&cliVersion=2.7.9&manifestVersion=2.7.9&deviceId=75e138b5211e95c65b4bb8c6a3b0d07d1b0fa306bbf5908c51558914548b7ad2%3Ascott%40scottzirkel.com): error trying to connect: tls handshake eof
[2m2022-11-16T21:15:06.400758Z[0m [31mERROR[0m [2mfig_cli::daemon[0m[2m:[0m [2m158:[0m Error while connecting to websocket: error sending request for url (https://api.fig.io/authenticate/ticket?os=macos&arch=aarch64&cliVersion=2.7.9&manifestVersion=2.7.9&deviceId=75e138b5211e95c65b4bb8c6a3b0d07d1b0fa306bbf5908c51558914548b7ad2%3Ascott%40scottzirkel.com): error trying to connect: tls handshake eof
[2m2022-11-17T12:48:46.685665Z[0m [31mERROR[0m [2mfig_cli::daemon[0m[2m:[0m [2m140:[0m Error while processing websocket message: Websocket close frame: CloseFrame { code: Restart, reason: "restarting" }
[2m2022-11-17T15:50:53.243277Z[0m [31mERROR[0m [2mfig_cli::daemon::websocket[0m[2m:[0m [2m281:[0m Websock next error: Protocol(ResetWithoutClosingHandshake)
[2m2022-11-17T15:50:53.243395Z[0m [31mERROR[0m [2mfig_cli::daemon[0m[2m:[0m [2m140:[0m Error while processing websocket message: Websock next error: Protocol(ResetWithoutClosingHandshake)
[2m2022-11-17T15:50:53.640161Z[0m [31mERROR[0m [2mfig_cli::daemon[0m[2m:[0m [2m158:[0m Error while connecting to websocket: error sending request for url (https://api.fig.io/authenticate/ticket?os=macos&arch=aarch64&cliVersion=2.7.9&manifestVersion=2.7.9&deviceId=75e138b5211e95c65b4bb8c6a3b0d07d1b0fa306bbf5908c51558914548b7ad2%3Ascott%40scottzirkel.com): error trying to connect: Connection reset by peer (os error 54)
[2m2022-11-17T17:51:38.246351Z[0m [31mERROR[0m [2mfig_cli::daemon[0m[2m:[0m [2m140:[0m Error while processing websocket message: Websocket close frame: CloseFrame { code: Restart, reason: "restarting" }
[2m2022-11-18T16:58:56.953230Z[0m [31mERROR[0m [2mfig_cli::daemon[0m[2m:[0m [2m140:[0m Error while processing websocket message: Websocket close frame: CloseFrame { code: Restart, reason: "restarting" }
[2m2022-11-18T16:58:57.318486Z[0m [31mERROR[0m [2mfig_cli::daemon[0m[2m:[0m [2m158:[0m Error while connecting to websocket: error sending request for url (https://api.fig.io/auth/refresh): error trying to connect: tls handshake eof
[2m2022-11-18T17:01:03.609829Z[0m [31mERROR[0m [2mfig_cli::daemon[0m[2m:[0m [2m140:[0m Error while processing websocket message: Websocket close frame: CloseFrame { code: Restart, reason: "restarting" }
[2m2022-11-18T17:01:03.997649Z[0m [31mERROR[0m [2mfig_cli::daemon[0m[2m:[0m [2m158:[0m Error while connecting to websocket: error sending request for url (https://api.fig.io/authenticate/ticket?os=macos&arch=aarch64&cliVersion=2.7.9&manifestVersion=2.7.9&deviceId=75e138b5211e95c65b4bb8c6a3b0d07d1b0fa306bbf5908c51558914548b7ad2%3Ascott%40scottzirkel.com): error trying to connect: Connection reset by peer (os error 54)
[2m2022-11-18T22:42:28.181848Z[0m [31mERROR[0m [2mfig_cli::daemon[0m[2m:[0m [2m140:[0m Error while processing websocket message: Websocket close frame: CloseFrame { code: Restart, reason: "restarting" }
[2m2022-11-18T22:44:25.440439Z[0m [31mERROR[0m [2mfig_cli::daemon[0m[2m:[0m [2m140:[0m Error while processing websocket message: Websocket close frame: CloseFrame { code: Restart, reason: "restarting" }
[2m2022-11-18T22:44:25.787469Z[0m [31mERROR[0m [2mfig_cli::daemon[0m[2m:[0m [2m158:[0m Error while connecting to websocket: error sending request for url (https://api.fig.io/authenticate/ticket?os=macos&arch=aarch64&cliVersion=2.7.9&manifestVersion=2.7.9&deviceId=75e138b5211e95c65b4bb8c6a3b0d07d1b0fa306bbf5908c51558914548b7ad2%3Ascott%40scottzirkel.com): error trying to connect: Connection reset by peer (os error 54)
[2m2022-11-21T19:21:17.131498Z[0m [31mERROR[0m [2mfig_cli::daemon[0m[2m:[0m [2m140:[0m Error while processing websocket message: No such file or directory (os error 2)
[2m2022-11-21T19:21:17.540580Z[0m [31mERROR[0m [2mfig_cli::daemon[0m[2m:[0m [2m158:[0m Error while connecting to websocket: error sending request for url (https://api.fig.io/authenticate/ticket?os=macos&arch=aarch64&cliVersion=2.7.9&manifestVersion=2.7.9&deviceId=75e138b5211e95c65b4bb8c6a3b0d07d1b0fa306bbf5908c51558914548b7ad2%3Ascott%40scottzirkel.com): error trying to connect: Connection reset by peer (os error 54)
[2m2022-11-21T19:21:17.951321Z[0m [31mERROR[0m [2mfig_cli::daemon[0m[2m:[0m [2m158:[0m Error while connecting to websocket: error sending request for url (https://api.fig.io/authenticate/ticket?os=macos&arch=aarch64&cliVersion=2.7.9&manifestVersion=2.7.9&deviceId=75e138b5211e95c65b4bb8c6a3b0d07d1b0fa306bbf5908c51558914548b7ad2%3Ascott%40scottzirkel.com): error trying to connect: tls handshake eof
[2m2022-11-21T19:21:18.704168Z[0m [31mERROR[0m [2mfig_cli::daemon[0m[2m:[0m [2m158:[0m Error while connecting to websocket: error sending request for url (https://api.fig.io/authenticate/ticket?os=macos&arch=aarch64&cliVersion=2.7.9&manifestVersion=2.7.9&deviceId=75e138b5211e95c65b4bb8c6a3b0d07d1b0fa306bbf5908c51558914548b7ad2%3Ascott%40scottzirkel.com): error trying to connect: Connection reset by peer (os error 54)
[2m2022-11-21T19:21:20.840816Z[0m [31mERROR[0m [2mfig_cli::daemon[0m[2m:[0m [2m158:[0m Error while connecting to websocket: error sending request for url (https://api.fig.io/authenticate/ticket?os=macos&arch=aarch64&cliVersion=2.7.9&manifestVersion=2.7.9&deviceId=75e138b5211e95c65b4bb8c6a3b0d07d1b0fa306bbf5908c51558914548b7ad2%3Ascott%40scottzirkel.com): error trying to connect: Connection reset by peer (os error 54)
[2m2022-11-21T21:08:29.678031Z[0m [31mERROR[0m [2mfig_cli::daemon[0m[2m:[0m [2m140:[0m Error while processing websocket message: No such file or directory (os error 2)
[2m2022-11-21T21:08:30.153641Z[0m [31mERROR[0m [2mfig_cli::daemon[0m[2m:[0m [2m158:[0m Error while connecting to websocket: error sending request for url (https://api.fig.io/authenticate/ticket?os=macos&arch=aarch64&cliVersion=2.7.9&manifestVersion=2.7.9&deviceId=75e138b5211e95c65b4bb8c6a3b0d07d1b0fa306bbf5908c51558914548b7ad2%3Ascott%40scottzirkel.com): error trying to connect: Connection reset by peer (os error 54)
[2m2022-11-21T21:08:30.627282Z[0m [31mERROR[0m [2mfig_cli::daemon[0m[2m:[0m [2m158:[0m Error while connecting to websocket: error sending request for url (https://api.fig.io/authenticate/ticket?os=macos&arch=aarch64&cliVersion=2.7.9&manifestVersion=2.7.9&deviceId=75e138b5211e95c65b4bb8c6a3b0d07d1b0fa306bbf5908c51558914548b7ad2%3Ascott%40scottzirkel.com): error trying to connect: Connection reset by peer (os error 54)
[2m2022-11-21T21:08:31.648138Z[0m [31mERROR[0m [2mfig_cli::daemon[0m[2m:[0m [2m158:[0m Error while connecting to websocket: error sending request for url (https://api.fig.io/authenticate/ticket?os=macos&arch=aarch64&cliVersion=2.7.9&manifestVersion=2.7.9&deviceId=75e138b5211e95c65b4bb8c6a3b0d07d1b0fa306bbf5908c51558914548b7ad2%3Ascott%40scottzirkel.com): error trying to connect: tls handshake eof
[2m2022-11-22T14:54:45.031337Z[0m [31mERROR[0m [2mfig_cli::daemon[0m[2m:[0m [2m140:[0m Error while processing websocket message: Websocket close frame: CloseFrame { code: Restart, reason: "restarting" }
[2m2022-11-28T15:40:19.774589Z[0m [31mERROR[0m [2mfig_cli::daemon::websocket[0m[2m:[0m [2m281:[0m Websock next error: Io(Os { code: 60, kind: TimedOut, message: "Operation timed out" })
[2m2022-11-28T15:40:19.775146Z[0m [31mERROR[0m [2mfig_cli::daemon[0m[2m:[0m [2m140:[0m Error while processing websocket message: Websock next error: Io(Os { code: 60, kind: TimedOut, message: "Operation timed out" })
[2m2022-11-30T01:35:36.523877Z[0m [31mERROR[0m [2mfig_cli::daemon[0m[2m:[0m [2m140:[0m Error while processing websocket message: Websocket close frame: CloseFrame { code: Restart, reason: "restarting" }
[2m2022-11-30T20:05:41.311318Z[0m [31mERROR[0m [2mfig_cli::daemon::websocket[0m[2m:[0m [2m283:[0m Websock next error: Protocol(ResetWithoutClosingHandshake)
[2m2022-11-30T20:05:41.311545Z[0m [31mERROR[0m [2mfig_cli::daemon[0m[2m:[0m [2m140:[0m Error while processing websocket message: Websock next error: Protocol(ResetWithoutClosingHandshake)
[2m2022-11-30T20:05:41.672598Z[0m [31mERROR[0m [2mfig_cli::daemon[0m[2m:[0m [2m158:[0m Error while connecting to websocket: Reqwest error: error sending request for url (https://api.fig.io/authenticate/ticket?os=macos&arch=aarch64&cliVersion=2.8.0&manifestVersion=2.8.0&deviceId=75e138b5211e95c65b4bb8c6a3b0d07d1b0fa306bbf5908c51558914548b7ad2%3Ascott%40scottzirkel.com): error trying to connect: Connection reset by peer (os error 54)
[2m2022-11-30T20:05:42.349372Z[0m [31mERROR[0m [2mfig_cli::daemon[0m[2m:[0m [2m158:[0m Error while connecting to websocket: Reqwest error: error sending request for url (https://api.fig.io/authenticate/ticket?os=macos&arch=aarch64&cliVersion=2.8.0&manifestVersion=2.8.0&deviceId=75e138b5211e95c65b4bb8c6a3b0d07d1b0fa306bbf5908c51558914548b7ad2%3Ascott%40scottzirkel.com): error trying to connect: Connection reset by peer (os error 54)
[2m2022-11-30T20:05:43.137906Z[0m [31mERROR[0m [2mfig_cli::daemon[0m[2m:[0m [2m158:[0m Error while connecting to websocket: Reqwest error: error sending request for url (https://api.fig.io/authenticate/ticket?os=macos&arch=aarch64&cliVersion=2.8.0&manifestVersion=2.8.0&deviceId=75e138b5211e95c65b4bb8c6a3b0d07d1b0fa306bbf5908c51558914548b7ad2%3Ascott%40scottzirkel.com): error trying to connect: Connection reset by peer (os error 54)
[2m2022-11-30T20:05:44.452644Z[0m [31mERROR[0m [2mfig_cli::daemon[0m[2m:[0m [2m158:[0m Error while connecting to websocket: Reqwest error: error sending request for url (https://api.fig.io/authenticate/ticket?os=macos&arch=aarch64&cliVersion=2.8.0&manifestVersion=2.8.0&deviceId=75e138b5211e95c65b4bb8c6a3b0d07d1b0fa306bbf5908c51558914548b7ad2%3Ascott%40scottzirkel.com): error trying to connect: Connection reset by peer (os error 54)
[2m2022-12-01T17:00:41.118720Z[0m [31mERROR[0m [2mfig_cli::daemon::websocket[0m[2m:[0m [2m283:[0m Websock next error: Protocol(ResetWithoutClosingHandshake)
[2m2022-12-01T17:00:41.118992Z[0m [31mERROR[0m [2mfig_cli::daemon[0m[2m:[0m [2m140:[0m Error while processing websocket message: Websock next error: Protocol(ResetWithoutClosingHandshake)
[2m2022-12-01T17:21:51.542106Z[0m [31mERROR[0m [2mfig_cli::daemon::websocket[0m[2m:[0m [2m283:[0m Websock next error: Protocol(ResetWithoutClosingHandshake)
[2m2022-12-01T17:21:51.542145Z[0m [31mERROR[0m [2mfig_cli::daemon[0m[2m:[0m [2m140:[0m Error while processing websocket message: Websock next error: Protocol(ResetWithoutClosingHandshake)
[2m2022-12-01T20:23:50.726610Z[0m [31mERROR[0m [2mfig_cli::daemon::websocket[0m[2m:[0m [2m283:[0m Websock next error: Protocol(ResetWithoutClosingHandshake)
[2m2022-12-01T20:23:50.726783Z[0m [31mERROR[0m [2mfig_cli::daemon[0m[2m:[0m [2m140:[0m Error while processing websocket message: Websock next error: Protocol(ResetWithoutClosingHandshake)
[2m2022-12-01T20:23:51.019811Z[0m [31mERROR[0m [2mfig_cli::daemon[0m[2m:[0m [2m158:[0m Error while connecting to websocket: Reqwest error: error sending request for url (https://api.fig.io/authenticate/ticket?os=macos&arch=aarch64&cliVersion=2.8.0&manifestVersion=2.8.0&deviceId=75e138b5211e95c65b4bb8c6a3b0d07d1b0fa306bbf5908c51558914548b7ad2%3Ascott%40scottzirkel.com): error trying to connect: Connection reset by peer (os error 54)
[2m2022-12-04T22:35:24.570615Z[0m [31mERROR[0m [2mfig_cli::daemon::websocket[0m[2m:[0m [2m283:[0m Websock next error: Protocol(ResetWithoutClosingHandshake)
[2m2022-12-04T22:35:24.570789Z[0m [31mERROR[0m [2mfig_cli::daemon[0m[2m:[0m [2m140:[0m Error while processing websocket message: Websock next error: Protocol(ResetWithoutClosingHandshake)
[2m2022-12-04T22:44:26.724705Z[0m [31mERROR[0m [2mfig_cli::daemon::websocket[0m[2m:[0m [2m283:[0m Websock next error: Protocol(ResetWithoutClosingHandshake)
[2m2022-12-04T22:44:26.724770Z[0m [31mERROR[0m [2mfig_cli::daemon[0m[2m:[0m [2m140:[0m Error while processing websocket message: Websock next error: Protocol(ResetWithoutClosingHandshake)
[2m2022-12-04T22:47:58.911305Z[0m [31mERROR[0m [2mfig_cli::daemon[0m[2m:[0m [2m158:[0m Error while connecting to websocket: Reqwest error: error sending request for url (https://api.fig.io/authenticate/ticket?os=macos&arch=aarch64&cliVersion=2.8.0&manifestVersion=2.8.0&deviceId=75e138b5211e95c65b4bb8c6a3b0d07d1b0fa306bbf5908c51558914548b7ad2%3Ascott%40scottzirkel.com): error trying to connect: dns error: failed to lookup address information: nodename nor servname provided, or not known
[2m2022-12-04T22:47:59.177784Z[0m [31mERROR[0m [2mfig_cli::daemon[0m[2m:[0m [2m158:[0m Error while connecting to websocket: Reqwest error: error sending request for url (https://api.fig.io/authenticate/ticket?os=macos&arch=aarch64&cliVersion=2.8.0&manifestVersion=2.8.0&deviceId=75e138b5211e95c65b4bb8c6a3b0d07d1b0fa306bbf5908c51558914548b7ad2%3Ascott%40scottzirkel.com): error trying to connect: dns error: failed to lookup address information: nodename nor servname provided, or not known
[2m2022-12-04T22:47:59.662443Z[0m [31mERROR[0m [2mfig_cli::daemon[0m[2m:[0m [2m158:[0m Error while connecting to websocket: Reqwest error: error sending request for url (https://api.fig.io/authenticate/ticket?os=macos&arch=aarch64&cliVersion=2.8.0&manifestVersion=2.8.0&deviceId=75e138b5211e95c65b4bb8c6a3b0d07d1b0fa306bbf5908c51558914548b7ad2%3Ascott%40scottzirkel.com): error trying to connect: dns error: failed to lookup address information: nodename nor servname provided, or not known
[2m2022-12-04T22:52:32.446880Z[0m [31mERROR[0m [2mfig_sync::dotfiles[0m[2m:[0m [2m52:[0m Could not sync dotfiles: Request(Reqwest(reqwest::Error { kind: Request, url: Url { scheme: "https", cannot_be_a_base: false, username: "", password: None, host: Some(Domain("api.fig.io")), port: None, path: "/dotfiles/source/all", query: Some("os=macos&architecture=aarch64&device=75e138b5211e95c65b4bb8c6a3b0d07d1b0fa306bbf5908c51558914548b7ad2&pluginsDirectory=%2FUsers%2Fscott%2F.local%2Fshare%2Ffig%2Fplugins&macosVersion=12.6"), fragment: None }, source: hyper::Error(Connect, Custom { kind: Other, error: Os { code: 54, kind: ConnectionReset, message: "Connection reset by peer" } }) }))
[2m2022-12-04T22:52:32.447081Z[0m [31mERROR[0m [2mfig_cli::daemon::scheduler[0m[2m:[0m [2m166:[0m Error running task SyncDotfiles: Reqwest error: error sending request for url (https://api.fig.io/dotfiles/source/all?os=macos&architecture=aarch64&device=75e138b5211e95c65b4bb8c6a3b0d07d1b0fa306bbf5908c51558914548b7ad2&pluginsDirectory=%2FUsers%2Fscott%2F.local%2Fshare%2Ffig%2Fplugins&macosVersion=12.6): error trying to connect: Connection reset by peer (os error 54)
[2m2022-12-04T22:52:54.818192Z[0m [31mERROR[0m [2mfig_cli::daemon::websocket[0m[2m:[0m [2m283:[0m Websock next error: Protocol(ResetWithoutClosingHandshake)
[2m2022-12-04T22:52:54.818307Z[0m [31mERROR[0m [2mfig_cli::daemon[0m[2m:[0m [2m140:[0m Error while processing websocket message: Websock next error: Protocol(ResetWithoutClosingHandshake)
[2m2022-12-04T22:54:26.925235Z[0m [31mERROR[0m [2mfig_cli::daemon::websocket[0m[2m:[0m [2m283:[0m Websock next error: Protocol(ResetWithoutClosingHandshake)
[2m2022-12-04T22:54:26.925445Z[0m [31mERROR[0m [2mfig_cli::daemon[0m[2m:[0m [2m140:[0m Error while processing websocket message: Websock next error: Protocol(ResetWithoutClosingHandshake)
[2m2022-12-05T16:53:26.378105Z[0m [31mERROR[0m [2mfig_cli::daemon::websocket[0m[2m:[0m [2m283:[0m Websock next error: Io(Os { code: 54, kind: ConnectionReset, message: "Connection reset by peer" })
[2m2022-12-05T16:53:26.378189Z[0m [31mERROR[0m [2mfig_cli::daemon[0m[2m:[0m [2m140:[0m Error while processing websocket message: Websock next error: Io(Os { code: 54, kind: ConnectionReset, message: "Connection reset by peer" })
