
origin [ 'origin',
  'git@github.com:archionconsulting/fastkai.git (fetch)' ]
origin [ 'origin',
  'git@github.com:archionconsulting/fastkai.git (push)' ]
origin [ 'origin',
  'git@github.com:archionconsulting/fastkai.git (fetch)' ]
origin [ 'origin',
  'git@github.com:archionconsulting/fastkai.git (push)' ]
origin [ 'origin',
  'git@github.com:livepainfree/core-funnels.git (fetch)' ]
origin [ 'origin',
  'git@github.com:livepainfree/core-funnels.git (push)' ]
origin [ 'origin',
  'git@github.com:livepainfree/core-funnels.git (fetch)' ]
origin [ 'origin',
  'git@github.com:livepainfree/core-funnels.git (push)' ]
origin [ 'origin',
  'git@github.com:livepainfree/core-funnels.git (fetch)' ]
origin [ 'origin',
  'git@github.com:livepainfree/core-funnels.git (push)' ]
origin [ 'origin',
  'git@github.com:livepainfree/core-funnels.git (fetch)' ]
origin [ 'origin',
  'git@github.com:livepainfree/core-funnels.git (push)' ]
origin [ 'origin',
  'git@github.com:livepainfree/core-funnels.git (fetch)' ]
origin [ 'origin',
  'git@github.com:livepainfree/core-funnels.git (push)' ]
origin [ 'origin',
  'git@github.com:livepainfree/core-funnels.git (fetch)' ]
origin [ 'origin',
  'git@github.com:livepainfree/core-funnels.git (push)' ]
origin [ 'origin',
  'git@github.com:livepainfree/core-funnels.git (fetch)' ]
origin [ 'origin',
  'git@github.com:livepainfree/core-funnels.git (push)' ]
origin [ 'origin',
  'git@github.com:webstrips/inertia-react.git (fetch)' ]
origin [ 'origin',
  'git@github.com:webstrips/inertia-react.git (push)' ]
origin [ 'origin', 'git@github.com:livepainfree/funnels.git (fetch)' ]
origin [ 'origin', 'git@github.com:livepainfree/funnels.git (push)' ]
origin [ 'origin',
  'git@github.com:archionconsulting/fastkai.git (fetch)' ]
origin [ 'origin',
  'git@github.com:archionconsulting/fastkai.git (push)' ]
origin [ 'origin',
  'git@github.com:livepainfree/core-funnels.git (fetch)' ]
origin [ 'origin',
  'git@github.com:livepainfree/core-funnels.git (push)' ]
origin [ 'origin',
  'git@github.com:livepainfree/core-funnels.git (fetch)' ]
origin [ 'origin',
  'git@github.com:livepainfree/core-funnels.git (push)' ]
origin [ 'origin', 'git@github.com:livepainfree/funnels.git (fetch)' ]
origin [ 'origin', 'git@github.com:livepainfree/funnels.git (push)' ]
origin [ 'origin', 'git@github.com:livepainfree/funnels.git (fetch)' ]
origin [ 'origin', 'git@github.com:livepainfree/funnels.git (push)' ]
origin [ 'origin', 'git@github.com:livepainfree/funnels.git (fetch)' ]
origin [ 'origin', 'git@github.com:livepainfree/funnels.git (push)' ]
origin [ 'origin', 'git@github.com:livepainfree/funnels.git (fetch)' ]
origin [ 'origin', 'git@github.com:livepainfree/funnels.git (push)' ]
origin [ 'origin', 'git@github.com:livepainfree/funnels.git (fetch)' ]
origin [ 'origin', 'git@github.com:livepainfree/funnels.git (push)' ]
origin [ 'origin', 'git@github.com:livepainfree/funnels.git (fetch)' ]
origin [ 'origin', 'git@github.com:livepainfree/funnels.git (push)' ]
origin [ 'origin',
  'git@github.com:livepainfree/core-funnels.git (fetch)' ]
origin [ 'origin',
  'git@github.com:livepainfree/core-funnels.git (push)' ]